<?xml version="1.0" encoding="UTF-8"?>
<testng-results skipped="0" failed="0" ignored="0" total="2" passed="2">
  <reporter-output>
  </reporter-output>
  <suite name="Default suite" duration-ms="59561" started-at="2019-08-12T11:12:01Z" finished-at="2019-08-12T11:13:01Z">
    <groups>
    </groups>
    <test name="Default test" duration-ms="59561" started-at="2019-08-12T11:12:01Z" finished-at="2019-08-12T11:13:01Z">
      <class name="rentalApp.RentalApplication">
        <test-method status="PASS" signature="setUp()[pri:0, instance:rentalApp.RentalApplication@66a3ffec]" name="setUp" is-config="true" duration-ms="9789" started-at="2019-08-12T11:12:01Z" finished-at="2019-08-12T11:12:11Z">
          <reporter-output>
          </reporter-output>
        </test-method> <!-- setUp -->
        <test-method status="PASS" signature="rentalApplication()[pri:0, instance:rentalApp.RentalApplication@66a3ffec]" name="rentalApplication" duration-ms="25949" started-at="2019-08-12T11:12:11Z" finished-at="2019-08-12T11:12:37Z">
          <reporter-output>
          </reporter-output>
        </test-method> <!-- rentalApplication -->
        <test-method status="PASS" signature="tearDown()[pri:0, instance:rentalApp.RentalApplication@66a3ffec]" name="tearDown" is-config="true" duration-ms="967" started-at="2019-08-12T11:12:37Z" finished-at="2019-08-12T11:12:38Z">
          <reporter-output>
          </reporter-output>
        </test-method> <!-- tearDown -->
        <test-method status="PASS" signature="setUp()[pri:0, instance:rentalApp.RentalApplication@66a3ffec]" name="setUp" is-config="true" duration-ms="8094" started-at="2019-08-12T11:12:38Z" finished-at="2019-08-12T11:12:46Z">
          <reporter-output>
          </reporter-output>
        </test-method> <!-- setUp -->
        <test-method status="PASS" signature="newInquiry()[pri:1, instance:rentalApp.RentalApplication@66a3ffec]" name="newInquiry" duration-ms="13792" started-at="2019-08-12T11:12:46Z" finished-at="2019-08-12T11:13:00Z">
          <reporter-output>
          </reporter-output>
        </test-method> <!-- newInquiry -->
        <test-method status="PASS" signature="tearDown()[pri:0, instance:rentalApp.RentalApplication@66a3ffec]" name="tearDown" is-config="true" duration-ms="923" started-at="2019-08-12T11:13:00Z" finished-at="2019-08-12T11:13:01Z">
          <reporter-output>
          </reporter-output>
        </test-method> <!-- tearDown -->
      </class> <!-- rentalApp.RentalApplication -->
    </test> <!-- Default test -->
  </suite> <!-- Default suite -->
</testng-results>
